<?xml version="1.0" encoding="UTF-8"?>
<!-- Generated by org.testng.reporters.JUnitReportReporter -->
<testsuite hostname="DESKTOP-R646QC9" failures="0" tests="3" name="practice.testng.SampleReportTest" time="0.015" errors="0" timestamp="2024-09-06T10:31:32 IST" skipped="0">
  <testcase classname="practice.testng.SampleReportTest" name="createContactwithPhoneNumber" time="0.002"/>
  <system-out/>
  <testcase classname="practice.testng.SampleReportTest" name="createContactTest" time="0.011"/>
  <system-out/>
  <testcase classname="practice.testng.SampleReportTest" name="createContactwithOrg" time="0.002"/>
  <system-out/>
</testsuite> <!-- practice.testng.SampleReportTest -->
