<?xml version="1.0" encoding="UTF-8"?>
<!-- Generated by org.testng.reporters.JUnitReportReporter -->
<testsuite hostname="DESKTOP-R646QC9" failures="0" tests="1" name="practice.testng.SampleReportTest2" time="7.309" errors="0" timestamp="2024-09-06T10:58:51 IST" skipped="0">
  <testcase classname="practice.testng.SampleReportTest2" name="createContactTest" time="7.309"/>
  <system-out/>
</testsuite> <!-- practice.testng.SampleReportTest2 -->
