<?xml version="1.0" encoding="UTF-8"?>
<!-- Generated by org.testng.reporters.JUnitReportReporter -->
<testsuite hostname="DESKTOP-R646QC9" failures="0" tests="1" name="practice.datadriventesting.ReadDataFromTestNgXmlTest" time="0.019" errors="0" timestamp="06 Aug 2024 04:24:37 GMT" skipped="0">
  <testcase classname="practice.datadriventesting.ReadDataFromTestNgXmlTest" name="sampleTest" time="0.019"/>
</testsuite> <!-- practice.datadriventesting.ReadDataFromTestNgXmlTest -->
