<?xml version="1.0" encoding="UTF-8"?>
<!-- Generated by org.testng.reporters.JUnitReportReporter -->
<testsuite hostname="DESKTOP-R646QC9" failures="0" tests="1" name="practice.pom.repository.SampleTestWithPOM" time="5.347" errors="0" timestamp="12 Aug 2024 10:02:10 GMT" skipped="0">
  <testcase classname="practice.pom.repository.SampleTestWithPOM" name="sampleTest" time="5.347"/>
</testsuite> <!-- practice.pom.repository.SampleTestWithPOM -->
