<?xml version="1.0" encoding="UTF-8"?>
<!-- Generated by org.testng.reporters.JUnitReportReporter -->
<testsuite hostname="DESKTOP-R646QC9" failures="0" tests="1" name="task.task3" time="0.552" errors="0" timestamp="2024-08-28T09:49:30 IST" skipped="0">
  <testcase classname="task.task3" name="m1" time="0.552"/>
  <system-out/>
</testsuite> <!-- task.task3 -->
