<?xml version="1.0" encoding="UTF-8"?>
<!-- Generated by org.testng.reporters.JUnitReportReporter -->
<testsuite hostname="DESKTOP-R646QC9" failures="0" tests="2" name="practise.hometest.HomePageSampleTest" time="0.008" errors="0" timestamp="26 Aug 2024 10:34:06 GMT" skipped="0">
  <testcase classname="practise.hometest.HomePageSampleTest" name="verifyLogoHomePageTest" time="0.001"/>
  <testcase classname="practise.hometest.HomePageSampleTest" name="homepageTest" time="0.007"/>
</testsuite> <!-- practise.hometest.HomePageSampleTest -->
