<?xml version="1.0" encoding="UTF-8"?>
<!-- Generated by org.testng.reporters.JUnitReportReporter -->
<testsuite hostname="DESKTOP-R646QC9" failures="0" tests="3" name="practice.testng.CreateContactTest_DP_3Data_Test" time="0.009" errors="0" timestamp="2024-08-27T11:06:18 IST" skipped="0">
  <testcase classname="practice.testng.CreateContactTest_DP_3Data_Test" name="createcontactTest" time="0.007"/>
  <system-out/>
  <testcase classname="practice.testng.CreateContactTest_DP_3Data_Test" name="createcontactTest" time="0.001"/>
  <system-out/>
  <testcase classname="practice.testng.CreateContactTest_DP_3Data_Test" name="createcontactTest" time="0.001"/>
  <system-out/>
</testsuite> <!-- practice.testng.CreateContactTest_DP_3Data_Test -->
