<?xml version="1.0" encoding="UTF-8"?>
<!-- Generated by org.testng.reporters.JUnitReportReporter -->
<testsuite hostname="DESKTOP-R646QC9" failures="0" tests="2" name="com.crm.comcast.orgtest.CreateOrgTest" time="0.003" errors="0" timestamp="22 Aug 2024 04:57:41 GMT" skipped="0">
  <testcase classname="com.crm.comcast.orgtest.CreateOrgTest" name="createOrgWithIndustries" time="0.002"/>
  <testcase classname="com.crm.comcast.orgtest.CreateOrgTest" name="createOrgTest" time="0.001"/>
</testsuite> <!-- com.crm.comcast.orgtest.CreateOrgTest -->
