<?xml version="1.0" encoding="UTF-8"?>
<!-- Generated by org.testng.reporters.JUnitReportReporter -->
<testsuite hostname="DESKTOP-R646QC9" failures="0" tests="1" name="practice.testng.SampleTestForScreenshot" time="9.254" errors="0" timestamp="2024-08-27T12:08:51 IST" skipped="0">
  <testcase classname="practice.testng.SampleTestForScreenshot" name="amazonTest" time="9.254"/>
  <system-out/>
</testsuite> <!-- practice.testng.SampleTestForScreenshot -->
