<?xml version="1.0" encoding="UTF-8"?>
<!-- Generated by org.testng.reporters.JUnitReportReporter -->
<testsuite hostname="DESKTOP-R646QC9" failures="0" tests="2" name="com.pac1.CreateContactTest" time="0.006" errors="0" timestamp="20 Aug 2024 11:48:26 GMT" skipped="0">
  <testcase classname="com.pac1.CreateContactTest" name="createContactWithSupportDate" time="0.002"/>
  <testcase classname="com.pac1.CreateContactTest" name="createContact" time="0.004"/>
</testsuite> <!-- com.pac1.CreateContactTest -->
