<?xml version="1.0" encoding="UTF-8"?>
<!-- Generated by org.testng.reporters.JUnitReportReporter -->
<testsuite hostname="DESKTOP-R646QC9" failures="0" tests="1" name="practiceprograms.AmazonMobiles" time="6.807" errors="0" timestamp="07 Aug 2024 05:39:30 GMT" skipped="0">
  <testcase classname="practiceprograms.AmazonMobiles" name="Mobliesabove60000" time="6.807"/>
</testsuite> <!-- practiceprograms.AmazonMobiles -->
