<?xml version="1.0" encoding="UTF-8"?>
<!-- Generated by org.testng.reporters.JUnitReportReporter -->
<testsuite hostname="DESKTOP-R646QC9" failures="0" tests="11" name="practice.testng.OrderTest" time="0.014" errors="0" timestamp="19 Aug 2024 10:26:56 GMT" skipped="1">
  <testcase classname="practice.testng.OrderTest" name="createOrdertest" time="0.000"/>
  <testcase classname="practice.testng.OrderTest" name="createOrdertest" time="0.000"/>
  <testcase classname="practice.testng.OrderTest" name="createOrdertest" time="0.001"/>
  <testcase classname="practice.testng.OrderTest" name="createOrdertest" time="0.008"/>
  <testcase classname="practice.testng.OrderTest" name="createOrdertest" time="0.001"/>
  <testcase classname="practice.testng.OrderTest" name="createOrdertest" time="0.001"/>
  <testcase classname="practice.testng.OrderTest" name="createOrdertest" time="0.001"/>
  <testcase classname="practice.testng.OrderTest" name="createOrdertest" time="0.001"/>
  <testcase classname="practice.testng.OrderTest" name="createOrdertest" time="0.000"/>
  <testcase classname="practice.testng.OrderTest" name="createOrdertest" time="0.001"/>
  <testcase classname="practice.testng.OrderTest" name="billingOrderTest">
    <skipped/>
  </testcase> <!-- billingOrderTest -->
</testsuite> <!-- practice.testng.OrderTest -->
