<?xml version="1.0" encoding="UTF-8"?>
<!-- Generated by org.testng.reporters.JUnitReportReporter -->
<testsuite hostname="DESKTOP-R646QC9" failures="0" tests="2" name="com.crm.comcast.contacttest.CreateContactTest" time="0.006" errors="0" timestamp="22 Aug 2024 04:57:41 GMT" skipped="0">
  <testcase classname="com.crm.comcast.contacttest.CreateContactTest" name="createContactWithSupportDate" time="0.002"/>
  <testcase classname="com.crm.comcast.contacttest.CreateContactTest" name="createContact" time="0.004"/>
</testsuite> <!-- com.crm.comcast.contacttest.CreateContactTest -->
