<?xml version="1.0" encoding="UTF-8"?>
<!-- Generated by org.testng.reporters.JUnitReportReporter -->
<testsuite hostname="DESKTOP-R646QC9" failures="0" tests="3" name="practice.testng.ContactTest" time="0.009" errors="0" timestamp="19 Aug 2024 10:20:40 GMT" skipped="0">
  <testcase classname="practice.testng.ContactTest" name="deleteContactTest" time="0.001"/>
  <testcase classname="practice.testng.ContactTest" name="createContactTest" time="0.007"/>
  <testcase classname="practice.testng.ContactTest" name="modifyContactTest" time="0.001"/>
</testsuite> <!-- practice.testng.ContactTest -->
