<?xml version="1.0" encoding="UTF-8"?>
<!-- Generated by org.testng.reporters.JUnitReportReporter -->
<testsuite hostname="DESKTOP-R646QC9" failures="0" tests="3" name="practice.testng.CreateContactTest_DP_Test" time="0.007" errors="0" timestamp="20 Aug 2024 05:55:32 GMT" skipped="0">
  <testcase classname="practice.testng.CreateContactTest_DP_Test" name="createcontactTest" time="0.001"/>
  <testcase classname="practice.testng.CreateContactTest_DP_Test" name="createcontactTest" time="0.005"/>
  <testcase classname="practice.testng.CreateContactTest_DP_Test" name="createcontactTest" time="0.001"/>
</testsuite> <!-- practice.testng.CreateContactTest_DP_Test -->
