<?xml version="1.0" encoding="UTF-8"?>
<!-- Generated by org.testng.reporters.JUnitXMLReporter -->
<testsuite ignored="2" hostname="DESKTOP-R646QC9" failures="0" tests="6" name="Test-3" time="211.388" errors="0" timestamp="26 Aug 2024 04:16:57 GMT">
  <testcase classname="baseclassimplementation.CreateOrgTest" name="createOrgWithIndustries" time="38.136"/>
  <testcase classname="baseclassimplementation.CreateOrgTest" name="createOrganizationTest" time="13.612"/>
  <testcase classname="baseclassimplementation.CreateOrgTest" name="createorgWithPhoneNumber" time="12.911"/>
  <testcase classname="baseclassimplementation.CreateContactTest" name="createContactTest" time="12.713"/>
  <testcase classname="baseclassimplementation.CreateContactTest" name="createcontactWithOrgTest" time="29.375"/>
  <testcase classname="baseclassimplementation.CreateContactTest" name="createcontactwithSupportDateTest" time="34.405"/>
  <testcase classname="com.comcast.crm.basetest.BaseClass" name="@BeforeSuite configBS" time="0.0">
    <ignored/>
  </testcase> <!-- @BeforeSuite configBS -->
  <testcase classname="com.comcast.crm.basetest.BaseClass" name="@AfterSuite configAS" time="0.0">
    <ignored/>
  </testcase> <!-- @AfterSuite configAS -->
</testsuite> <!-- Test-3 -->
