<?xml version="1.0" encoding="UTF-8"?>
<!-- Generated by org.testng.reporters.JUnitXMLReporter -->
<testsuite ignored="2" hostname="DESKTOP-R646QC9" failures="0" tests="6" name="Test-2" time="211.624" errors="0" timestamp="26 Aug 2024 04:16:58 GMT">
  <testcase classname="baseclassimplementation.CreateOrgTest" name="createOrgWithIndustries" time="45.043"/>
  <testcase classname="baseclassimplementation.CreateOrgTest" name="createOrganizationTest" time="13.25"/>
  <testcase classname="baseclassimplementation.CreateOrgTest" name="createorgWithPhoneNumber" time="13.577"/>
  <testcase classname="baseclassimplementation.CreateContactTest" name="createContactTest" time="13.133"/>
  <testcase classname="baseclassimplementation.CreateContactTest" name="createcontactWithOrgTest" time="30.081"/>
  <testcase classname="baseclassimplementation.CreateContactTest" name="createcontactwithSupportDateTest" time="29.972"/>
  <testcase classname="com.comcast.crm.basetest.BaseClass" name="@BeforeSuite configBS" time="0.0">
    <ignored/>
  </testcase> <!-- @BeforeSuite configBS -->
  <testcase classname="com.comcast.crm.basetest.BaseClass" name="@AfterSuite configAS" time="0.0">
    <ignored/>
  </testcase> <!-- @AfterSuite configAS -->
</testsuite> <!-- Test-2 -->
