<?xml version="1.0" encoding="UTF-8"?>
<!-- Generated by org.testng.reporters.JUnitXMLReporter -->
<testsuite ignored="2" hostname="DESKTOP-R646QC9" failures="0" tests="6" name="Test-1" time="210.231" errors="0" timestamp="26 Aug 2024 04:16:56 GMT">
  <testcase classname="baseclassimplementation.CreateOrgTest" name="createOrgWithIndustries" time="37.76"/>
  <testcase classname="baseclassimplementation.CreateOrgTest" name="createOrganizationTest" time="13.659"/>
  <testcase classname="baseclassimplementation.CreateOrgTest" name="createorgWithPhoneNumber" time="12.552"/>
  <testcase classname="baseclassimplementation.CreateContactTest" name="createContactTest" time="14.773"/>
  <testcase classname="baseclassimplementation.CreateContactTest" name="createcontactWithOrgTest" time="31.134"/>
  <testcase classname="baseclassimplementation.CreateContactTest" name="createcontactwithSupportDateTest" time="32.977"/>
  <testcase classname="com.comcast.crm.basetest.BaseClass" name="@BeforeSuite configBS" time="0.0">
    <ignored/>
  </testcase> <!-- @BeforeSuite configBS -->
  <testcase classname="com.comcast.crm.basetest.BaseClass" name="@AfterSuite configAS" time="0.0">
    <ignored/>
  </testcase> <!-- @AfterSuite configAS -->
</testsuite> <!-- Test-1 -->
