<?xml version="1.0" encoding="UTF-8"?>
<!-- Generated by org.testng.reporters.JUnitReportReporter -->
<testsuite hostname="DESKTOP-R646QC9" failures="0" tests="1" name="task.mail" time="4.282" errors="0" timestamp="28 Aug 2024 06:28:35 GMT" skipped="0">
  <testcase classname="task.mail" name="mail" time="4.282"/>
</testsuite> <!-- task.mail -->
