<?xml version="1.0" encoding="UTF-8"?>
<!-- Generated by org.testng.reporters.JUnitReportReporter -->
<testsuite hostname="DESKTOP-R646QC9" failures="0" tests="4" name="practice.test.GetProductInfoTest" time="43.646" errors="0" timestamp="20 Aug 2024 10:18:40 GMT" skipped="0">
  <testcase classname="practice.test.GetProductInfoTest" name="getProductInfoTest" time="10.279"/>
  <testcase classname="practice.test.GetProductInfoTest" name="getProductInfoTest" time="10.145"/>
  <testcase classname="practice.test.GetProductInfoTest" name="getProductInfoTest" time="8.895"/>
  <testcase classname="practice.test.GetProductInfoTest" name="getProductInfoTest" time="14.327"/>
</testsuite> <!-- practice.test.GetProductInfoTest -->
