<?xml version="1.0" encoding="UTF-8"?>
<!-- Generated by org.testng.reporters.JUnitReportReporter -->
<testsuite hostname="DESKTOP-R646QC9" failures="0" tests="1" name="task.sample" time="4.817" errors="0" timestamp="23 Aug 2024 10:32:46 GMT" skipped="0">
  <testcase classname="task.sample" name="sample" time="4.817"/>
</testsuite> <!-- task.sample -->
