<?xml version="1.0" encoding="UTF-8"?>
<!-- Generated by org.testng.reporters.JUnitReportReporter -->
<testsuite hostname="DESKTOP-R646QC9" failures="0" tests="1" name="practice.test.CaptureTimeStamp" time="0.018" errors="0" timestamp="28 Aug 2024 12:30:48 GMT" skipped="0">
  <testcase classname="practice.test.CaptureTimeStamp" name="timeStamp" time="0.018"/>
</testsuite> <!-- practice.test.CaptureTimeStamp -->
