<?xml version="1.0" encoding="UTF-8"?>
<!-- Generated by org.testng.reporters.JUnitReportReporter -->
<testsuite hostname="DESKTOP-R646QC9" failures="0" tests="1" name="practice.test.SampleReportTest2" time="4.754" errors="0" timestamp="2024-09-09T14:32:41 IST" skipped="0">
  <testcase classname="practice.test.SampleReportTest2" name="createContactTest" time="4.754"/>
  <system-out/>
</testsuite> <!-- practice.test.SampleReportTest2 -->
