<?xml version="1.0" encoding="UTF-8"?>
<!-- Generated by org.testng.reporters.JUnitReportReporter -->
<testsuite hostname="DESKTOP-R646QC9" failures="0" tests="1" name="practice.test.SampleReportTest" time="0.933" errors="0" timestamp="2024-09-06T10:00:49 IST" skipped="0">
  <testcase classname="practice.test.SampleReportTest" name="createContactTest" time="0.933"/>
  <system-out/>
</testsuite> <!-- practice.test.SampleReportTest -->
