<?xml version="1.0" encoding="UTF-8"?>
<!-- Generated by org.testng.reporters.JUnitReportReporter -->
<testsuite hostname="DESKTOP-R646QC9" failures="0" tests="1" name="pomimplementation.CreateContactWithSupportDateTest" time="16.331" errors="0" timestamp="22 Aug 2024 09:13:39 GMT" skipped="0">
  <testcase classname="pomimplementation.CreateContactWithSupportDateTest" name="SupportDate" time="16.331"/>
</testsuite> <!-- pomimplementation.CreateContactWithSupportDateTest -->
