<?xml version="1.0" encoding="UTF-8"?>
<!-- Generated by org.testng.reporters.JUnitReportReporter -->
<testsuite hostname="DESKTOP-R646QC9" failures="0" tests="1" name="practice.datadriventesting.CreateOrgTestFromJSON" time="12.404" errors="0" timestamp="06 Aug 2024 04:39:38 GMT" skipped="0">
  <testcase classname="practice.datadriventesting.CreateOrgTestFromJSON" name="createOrgTest" time="12.404"/>
</testsuite> <!-- practice.datadriventesting.CreateOrgTestFromJSON -->
