<?xml version="1.0" encoding="UTF-8"?>
<!-- Generated by org.testng.reporters.JUnitReportReporter -->
<testsuite hostname="DESKTOP-R646QC9" failures="0" tests="1" name="pomimplementation.CreateContactWithOrgTest" time="30.823" errors="0" timestamp="22 Aug 2024 10:21:23 GMT" skipped="0">
  <testcase classname="pomimplementation.CreateContactWithOrgTest" name="createContactwithOrg" time="30.823"/>
</testsuite> <!-- pomimplementation.CreateContactWithOrgTest -->
