<?xml version="1.0" encoding="UTF-8"?>
<!-- Generated by org.testng.reporters.JUnitReportReporter -->
<testsuite hostname="DESKTOP-R646QC9" failures="0" tests="1" name="practice.datadriventesting.ReadRuntimemavenParameterTest" time="0.006" errors="0" timestamp="05 Aug 2024 12:54:44 GMT" skipped="0">
  <testcase classname="practice.datadriventesting.ReadRuntimemavenParameterTest" name="runtimeparameterTest" time="0.006"/>
</testsuite> <!-- practice.datadriventesting.ReadRuntimemavenParameterTest -->
